<?xml version="1.0" encoding="UTF-8"?>
<!-- Generated by org.testng.reporters.JUnitXMLReporter -->
<testsuite ignored="4" hostname="appwrk" failures="0" tests="2" name="Test" time="251.16" errors="0" timestamp="2023-02-06T17:14:32 IST">
  <testcase classname="testCases.ContactForm" name="contactUs" time="3.017"/>
  <testcase classname="testCases.BrokenLinks" name="brokenLinks" time="227.396"/>
  <testcase classname="base.BaseTest" name="@BeforeTest setUp" time="0.0">
    <ignored/>
  </testcase> <!-- @BeforeTest setUp -->
  <testcase classname="base.BaseTest" name="@BeforeTest setUp" time="0.0">
    <ignored/>
  </testcase> <!-- @BeforeTest setUp -->
  <testcase classname="base.BaseTest" name="@AfterTest driverClose" time="0.0">
    <ignored/>
  </testcase> <!-- @AfterTest driverClose -->
  <testcase classname="base.BaseTest" name="@AfterTest driverClose" time="0.0">
    <ignored/>
  </testcase> <!-- @AfterTest driverClose -->
</testsuite> <!-- Test -->
