<?xml version="1.0" encoding="UTF-8"?>
<testng-results ignored="0" total="1" passed="1" failed="0" skipped="0">
  <reporter-output>
  </reporter-output>
  <suite started-at="2023-01-31T18:19:54 IST" name="Default suite" finished-at="2023-01-31T18:20:21 IST" duration-ms="26923">
    <groups>
    </groups>
    <test started-at="2023-01-31T18:19:54 IST" name="Default test" finished-at="2023-01-31T18:20:21 IST" duration-ms="26923">
      <class name="testCases.ContactForm">
        <test-method is-config="true" signature="setUp()[pri:0, instance:testCases.ContactForm@3c7f66c4]" started-at="2023-01-31T18:19:54 IST" name="setUp" finished-at="2023-01-31T18:20:06 IST" duration-ms="11686" status="PASS">
          <reporter-output>
          </reporter-output>
        </test-method> <!-- setUp -->
        <test-method is-config="true" signature="setUp()[pri:0, instance:testCases.ContactForm@3c7f66c4]" started-at="2023-01-31T18:20:06 IST" name="setUp" finished-at="2023-01-31T18:20:17 IST" duration-ms="11773" status="PASS">
          <reporter-output>
          </reporter-output>
        </test-method> <!-- setUp -->
        <test-method signature="contactUs(java.lang.String, java.lang.String, java.lang.String, java.lang.String, java.lang.String)[pri:0, instance:testCases.ContactForm@3c7f66c4]" started-at="2023-01-31T18:20:17 IST" name="contactUs" data-provider="testdata" finished-at="2023-01-31T18:20:21 IST" duration-ms="3434" status="PASS">
          <params>
            <param index="0">
              <value>
                <![CDATA[Steven]]>
              </value>
            </param>
            <param index="1">
              <value>
                <![CDATA[s.steven.3115@gmail.com]]>
              </value>
            </param>
            <param index="2">
              <value>
                <![CDATA[7894561230]]>
              </value>
            </param>
            <param index="3">
              <value>
                <![CDATA[appwrk]]>
              </value>
            </param>
            <param index="4">
              <value>
                <![CDATA[Test]]>
              </value>
            </param>
          </params>
          <reporter-output>
          </reporter-output>
        </test-method> <!-- contactUs -->
      </class> <!-- testCases.ContactForm -->
    </test> <!-- Default test -->
  </suite> <!-- Default suite -->
</testng-results>
